{"uid":"59d381eeef8fa56e","name":"Validate GetStarted Widget for complete profile","fullName":"src/test/resources/signup.feature:180","historyId":"5f98716d10a79b73638c5fe8e35154f1","time":{"start":1765200364595,"stop":1765200735182,"duration":370587},"description":"  As a newly onboarded business user on the Zolvit GRC platform\n  I want to seamlessly register, complete onboarding, and explore service offerings\n  So that I can start managing my compliance needs effectively","descriptionHtml":"<p>As a newly onboarded business user on the Zolvit GRC platform<br />\nI want to seamlessly register, complete onboarding, and explore service offerings<br />\nSo that I can start managing my compliance needs effectively</p>\n","status":"failed","statusMessage":"❌ Validation error during: Company Details onboarding step","statusTrace":"java.lang.AssertionError: ❌ Validation error during: Company Details onboarding step\r\n\tat base.BasePage.handleValidationException(BasePage.java:50)\r\n\tat stepDefinitions.SignUpValidationSteps.the_company_details_step_should_be_displayed_and_the_user_fills_all_details_and_clicks_next(SignUpValidationSteps.java:1256)\r\n\tat ✽.the Company Details step should be displayed and the user fills all details and clicks Next(file:///C:/Users/Vakilsearch/IdeaProjects/zolvit360-automation/src/test/resources/signup.feature:207)\r\nCaused by: java.lang.RuntimeException: Failed to complete Company Details onboarding step\r\n\tat pages.SignUpPage.fillCompanyDetailsAndClickNext(SignUpPage.java:2639)\r\n\tat stepDefinitions.SignUpValidationSteps.the_company_details_step_should_be_displayed_and_the_user_fills_all_details_and_clicks_next(SignUpValidationSteps.java:1237)\r\n\tat java.base/jdk.internal.reflect.DirectMethodHandleAccessor.invoke(DirectMethodHandleAccessor.java:103)\r\n\tat java.base/java.lang.reflect.Method.invoke(Method.java:580)\r\n\tat io.cucumber.java.Invoker.doInvoke(Invoker.java:66)\r\n\tat io.cucumber.java.Invoker.invoke(Invoker.java:24)\r\n\tat io.cucumber.java.AbstractGlueDefinition.invokeMethod(AbstractGlueDefinition.java:47)\r\n\tat io.cucumber.java.JavaStepDefinition.execute(JavaStepDefinition.java:29)\r\n\tat io.cucumber.core.runner.CoreStepDefinition.execute(CoreStepDefinition.java:66)\r\n\tat io.cucumber.core.runner.PickleStepDefinitionMatch.runStep(PickleStepDefinitionMatch.java:63)\r\n\tat io.cucumber.core.runner.ExecutionMode$1.execute(ExecutionMode.java:10)\r\n\tat io.cucumber.core.runner.TestStep.executeStep(TestStep.java:84)\r\n\tat io.cucumber.core.runner.TestStep.run(TestStep.java:56)\r\n\tat io.cucumber.core.runner.PickleStepTestStep.run(PickleStepTestStep.java:51)\r\n\tat io.cucumber.core.runner.TestCase.run(TestCase.java:84)\r\n\tat io.cucumber.core.runner.Runner.runPickle(Runner.java:75)\r\n\tat io.cucumber.testng.TestNGCucumberRunner.lambda$runScenario$1(TestNGCucumberRunner.java:132)\r\n\tat io.cucumber.core.runtime.CucumberExecutionContext.lambda$runTestCase$5(CucumberExecutionContext.java:137)\r\n\tat io.cucumber.core.runtime.RethrowingThrowableCollector.executeAndThrow(RethrowingThrowableCollector.java:23)\r\n\tat io.cucumber.core.runtime.CucumberExecutionContext.runTestCase(CucumberExecutionContext.java:137)\r\n\tat io.cucumber.testng.TestNGCucumberRunner.runScenario(TestNGCucumberRunner.java:129)\r\n\tat io.cucumber.testng.AbstractTestNGCucumberTests.runScenario(AbstractTestNGCucumberTests.java:35)\r\n\tat java.base/jdk.internal.reflect.DirectMethodHandleAccessor.invoke(DirectMethodHandleAccessor.java:103)\r\n\tat java.base/java.lang.reflect.Method.invoke(Method.java:580)\r\n\tat org.testng.internal.invokers.MethodInvocationHelper.invokeMethod(MethodInvocationHelper.java:139)\r\n\tat org.testng.internal.invokers.TestInvoker.invokeMethod(TestInvoker.java:664)\r\n\tat org.testng.internal.invokers.TestInvoker.invokeTestMethod(TestInvoker.java:228)\r\n\tat org.testng.internal.invokers.MethodRunner.runInSequence(MethodRunner.java:63)\r\n\tat org.testng.internal.invokers.TestInvoker$MethodInvocationAgent.invoke(TestInvoker.java:961)\r\n\tat org.testng.internal.invokers.TestInvoker.invokeTestMethods(TestInvoker.java:201)\r\n\tat org.testng.internal.invokers.TestMethodWorker.invokeTestMethods(TestMethodWorker.java:148)\r\n\tat org.testng.internal.invokers.TestMethodWorker.run(TestMethodWorker.java:128)\r\n\tat java.base/java.util.ArrayList.forEach(ArrayList.java:1596)\r\n\tat org.testng.TestRunner.privateRun(TestRunner.java:819)\r\n\tat org.testng.TestRunner.run(TestRunner.java:619)\r\n\tat org.testng.SuiteRunner.runTest(SuiteRunner.java:443)\r\n\tat org.testng.SuiteRunner.runSequentially(SuiteRunner.java:437)\r\n\tat org.testng.SuiteRunner.privateRun(SuiteRunner.java:397)\r\n\tat org.testng.SuiteRunner.run(SuiteRunner.java:336)\r\n\tat org.testng.SuiteRunnerWorker.runSuite(SuiteRunnerWorker.java:52)\r\n\tat org.testng.SuiteRunnerWorker.run(SuiteRunnerWorker.java:95)\r\n\tat org.testng.TestNG.runSuitesSequentially(TestNG.java:1301)\r\n\tat org.testng.TestNG.runSuitesLocally(TestNG.java:1228)\r\n\tat org.testng.TestNG.runSuites(TestNG.java:1134)\r\n\tat org.testng.TestNG.run(TestNG.java:1101)\r\n\tat org.apache.maven.surefire.testng.TestNGExecutor.run(TestNGExecutor.java:308)\r\n\tat org.apache.maven.surefire.testng.TestNGXmlTestSuite.execute(TestNGXmlTestSuite.java:71)\r\n\tat org.apache.maven.surefire.testng.TestNGProvider.invoke(TestNGProvider.java:113)\r\n\tat org.apache.maven.surefire.booter.ForkedBooter.runSuitesInProcess(ForkedBooter.java:385)\r\n\tat org.apache.maven.surefire.booter.ForkedBooter.execute(ForkedBooter.java:162)\r\n\tat org.apache.maven.surefire.booter.ForkedBooter.run(ForkedBooter.java:507)\r\n\tat org.apache.maven.surefire.booter.ForkedBooter.main(ForkedBooter.java:495)\r\nCaused by: org.openqa.selenium.TimeoutException: Expected condition failed: waiting for element to be clickable: By.xpath: (//button[.//p[normalize-space()='Next']])[3] (tried for 10 second(s) with 500 milliseconds interval)\nBuild info: version: '4.23.0', revision: '4df0a231af'\nSystem info: os.name: 'Windows 11', os.arch: 'amd64', os.version: '10.0', java.version: '21.0.7'\nDriver info: org.openqa.selenium.chrome.ChromeDriver\nCapabilities {acceptInsecureCerts: false, browserName: chrome, browserVersion: 142.0.7444.176, chrome: {chromedriverVersion: 142.0.7444.175 (302067f14a4..., userDataDir: C:\\Users\\VAKILS~1\\AppData\\L...}, fedcm:accounts: true, goog:chromeOptions: {debuggerAddress: localhost:64372}, goog:processID: 18604, networkConnectionEnabled: false, pageLoadStrategy: normal, platformName: windows, proxy: Proxy(), se:cdp: ws://localhost:64372/devtoo..., se:cdpVersion: 142.0.7444.176, setWindowRect: true, strictFileInteractability: false, timeouts: {implicit: 0, pageLoad: 300000, script: 30000}, unhandledPromptBehavior: dismiss and notify, webauthn:extension:credBlob: true, webauthn:extension:largeBlob: true, webauthn:extension:minPinLength: true, webauthn:extension:prf: true, webauthn:virtualAuthenticators: true}\nSession ID: f620c0e40401c3d6125fdebac94566cf\r\n\tat org.openqa.selenium.support.ui.WebDriverWait.timeoutException(WebDriverWait.java:84)\r\n\tat org.openqa.selenium.support.ui.FluentWait.until(FluentWait.java:228)\r\n\tat pages.SignUpPage.fillCompanyDetailsAndClickNext(SignUpPage.java:2629)\r\n\t... 51 more\r\n","flaky":false,"newFailed":false,"newBroken":false,"newPassed":false,"retriesCount":0,"retriesStatusChange":false,"beforeStages":[{"name":"hooks.Hooks.setup(io.cucumber.java.Scenario)","time":{"start":1765200364595,"stop":1765200366226,"duration":1631},"status":"passed","steps":[],"attachments":[],"parameters":[],"stepsCount":0,"attachmentStep":false,"shouldDisplayMessage":false,"attachmentsCount":0,"hasContent":false}],"testStage":{"description":"  As a newly onboarded business user on the Zolvit GRC platform\n  I want to seamlessly register, complete onboarding, and explore service offerings\n  So that I can start managing my compliance needs effectively","status":"failed","statusMessage":"❌ Validation error during: Company Details onboarding step","statusTrace":"java.lang.AssertionError: ❌ Validation error during: Company Details onboarding step\r\n\tat base.BasePage.handleValidationException(BasePage.java:50)\r\n\tat stepDefinitions.SignUpValidationSteps.the_company_details_step_should_be_displayed_and_the_user_fills_all_details_and_clicks_next(SignUpValidationSteps.java:1256)\r\n\tat ✽.the Company Details step should be displayed and the user fills all details and clicks Next(file:///C:/Users/Vakilsearch/IdeaProjects/zolvit360-automation/src/test/resources/signup.feature:207)\r\nCaused by: java.lang.RuntimeException: Failed to complete Company Details onboarding step\r\n\tat pages.SignUpPage.fillCompanyDetailsAndClickNext(SignUpPage.java:2639)\r\n\tat stepDefinitions.SignUpValidationSteps.the_company_details_step_should_be_displayed_and_the_user_fills_all_details_and_clicks_next(SignUpValidationSteps.java:1237)\r\n\tat java.base/jdk.internal.reflect.DirectMethodHandleAccessor.invoke(DirectMethodHandleAccessor.java:103)\r\n\tat java.base/java.lang.reflect.Method.invoke(Method.java:580)\r\n\tat io.cucumber.java.Invoker.doInvoke(Invoker.java:66)\r\n\tat io.cucumber.java.Invoker.invoke(Invoker.java:24)\r\n\tat io.cucumber.java.AbstractGlueDefinition.invokeMethod(AbstractGlueDefinition.java:47)\r\n\tat io.cucumber.java.JavaStepDefinition.execute(JavaStepDefinition.java:29)\r\n\tat io.cucumber.core.runner.CoreStepDefinition.execute(CoreStepDefinition.java:66)\r\n\tat io.cucumber.core.runner.PickleStepDefinitionMatch.runStep(PickleStepDefinitionMatch.java:63)\r\n\tat io.cucumber.core.runner.ExecutionMode$1.execute(ExecutionMode.java:10)\r\n\tat io.cucumber.core.runner.TestStep.executeStep(TestStep.java:84)\r\n\tat io.cucumber.core.runner.TestStep.run(TestStep.java:56)\r\n\tat io.cucumber.core.runner.PickleStepTestStep.run(PickleStepTestStep.java:51)\r\n\tat io.cucumber.core.runner.TestCase.run(TestCase.java:84)\r\n\tat io.cucumber.core.runner.Runner.runPickle(Runner.java:75)\r\n\tat io.cucumber.testng.TestNGCucumberRunner.lambda$runScenario$1(TestNGCucumberRunner.java:132)\r\n\tat io.cucumber.core.runtime.CucumberExecutionContext.lambda$runTestCase$5(CucumberExecutionContext.java:137)\r\n\tat io.cucumber.core.runtime.RethrowingThrowableCollector.executeAndThrow(RethrowingThrowableCollector.java:23)\r\n\tat io.cucumber.core.runtime.CucumberExecutionContext.runTestCase(CucumberExecutionContext.java:137)\r\n\tat io.cucumber.testng.TestNGCucumberRunner.runScenario(TestNGCucumberRunner.java:129)\r\n\tat io.cucumber.testng.AbstractTestNGCucumberTests.runScenario(AbstractTestNGCucumberTests.java:35)\r\n\tat java.base/jdk.internal.reflect.DirectMethodHandleAccessor.invoke(DirectMethodHandleAccessor.java:103)\r\n\tat java.base/java.lang.reflect.Method.invoke(Method.java:580)\r\n\tat org.testng.internal.invokers.MethodInvocationHelper.invokeMethod(MethodInvocationHelper.java:139)\r\n\tat org.testng.internal.invokers.TestInvoker.invokeMethod(TestInvoker.java:664)\r\n\tat org.testng.internal.invokers.TestInvoker.invokeTestMethod(TestInvoker.java:228)\r\n\tat org.testng.internal.invokers.MethodRunner.runInSequence(MethodRunner.java:63)\r\n\tat org.testng.internal.invokers.TestInvoker$MethodInvocationAgent.invoke(TestInvoker.java:961)\r\n\tat org.testng.internal.invokers.TestInvoker.invokeTestMethods(TestInvoker.java:201)\r\n\tat org.testng.internal.invokers.TestMethodWorker.invokeTestMethods(TestMethodWorker.java:148)\r\n\tat org.testng.internal.invokers.TestMethodWorker.run(TestMethodWorker.java:128)\r\n\tat java.base/java.util.ArrayList.forEach(ArrayList.java:1596)\r\n\tat org.testng.TestRunner.privateRun(TestRunner.java:819)\r\n\tat org.testng.TestRunner.run(TestRunner.java:619)\r\n\tat org.testng.SuiteRunner.runTest(SuiteRunner.java:443)\r\n\tat org.testng.SuiteRunner.runSequentially(SuiteRunner.java:437)\r\n\tat org.testng.SuiteRunner.privateRun(SuiteRunner.java:397)\r\n\tat org.testng.SuiteRunner.run(SuiteRunner.java:336)\r\n\tat org.testng.SuiteRunnerWorker.runSuite(SuiteRunnerWorker.java:52)\r\n\tat org.testng.SuiteRunnerWorker.run(SuiteRunnerWorker.java:95)\r\n\tat org.testng.TestNG.runSuitesSequentially(TestNG.java:1301)\r\n\tat org.testng.TestNG.runSuitesLocally(TestNG.java:1228)\r\n\tat org.testng.TestNG.runSuites(TestNG.java:1134)\r\n\tat org.testng.TestNG.run(TestNG.java:1101)\r\n\tat org.apache.maven.surefire.testng.TestNGExecutor.run(TestNGExecutor.java:308)\r\n\tat org.apache.maven.surefire.testng.TestNGXmlTestSuite.execute(TestNGXmlTestSuite.java:71)\r\n\tat org.apache.maven.surefire.testng.TestNGProvider.invoke(TestNGProvider.java:113)\r\n\tat org.apache.maven.surefire.booter.ForkedBooter.runSuitesInProcess(ForkedBooter.java:385)\r\n\tat org.apache.maven.surefire.booter.ForkedBooter.execute(ForkedBooter.java:162)\r\n\tat org.apache.maven.surefire.booter.ForkedBooter.run(ForkedBooter.java:507)\r\n\tat org.apache.maven.surefire.booter.ForkedBooter.main(ForkedBooter.java:495)\r\nCaused by: org.openqa.selenium.TimeoutException: Expected condition failed: waiting for element to be clickable: By.xpath: (//button[.//p[normalize-space()='Next']])[3] (tried for 10 second(s) with 500 milliseconds interval)\nBuild info: version: '4.23.0', revision: '4df0a231af'\nSystem info: os.name: 'Windows 11', os.arch: 'amd64', os.version: '10.0', java.version: '21.0.7'\nDriver info: org.openqa.selenium.chrome.ChromeDriver\nCapabilities {acceptInsecureCerts: false, browserName: chrome, browserVersion: 142.0.7444.176, chrome: {chromedriverVersion: 142.0.7444.175 (302067f14a4..., userDataDir: C:\\Users\\VAKILS~1\\AppData\\L...}, fedcm:accounts: true, goog:chromeOptions: {debuggerAddress: localhost:64372}, goog:processID: 18604, networkConnectionEnabled: false, pageLoadStrategy: normal, platformName: windows, proxy: Proxy(), se:cdp: ws://localhost:64372/devtoo..., se:cdpVersion: 142.0.7444.176, setWindowRect: true, strictFileInteractability: false, timeouts: {implicit: 0, pageLoad: 300000, script: 30000}, unhandledPromptBehavior: dismiss and notify, webauthn:extension:credBlob: true, webauthn:extension:largeBlob: true, webauthn:extension:minPinLength: true, webauthn:extension:prf: true, webauthn:virtualAuthenticators: true}\nSession ID: f620c0e40401c3d6125fdebac94566cf\r\n\tat org.openqa.selenium.support.ui.WebDriverWait.timeoutException(WebDriverWait.java:84)\r\n\tat org.openqa.selenium.support.ui.FluentWait.until(FluentWait.java:228)\r\n\tat pages.SignUpPage.fillCompanyDetailsAndClickNext(SignUpPage.java:2629)\r\n\t... 51 more\r\n","steps":[{"name":"Given  the user is currently on the Login page","time":{"start":1765200366229,"stop":1765200368534,"duration":2305},"status":"passed","steps":[],"attachments":[{"uid":"3540f9f679b7f1d8","name":"Step","source":"3540f9f679b7f1d8.txt","type":"text/plain","size":50},{"uid":"62c4cf8e02d51d4b","name":"LoginPage_After_Navigation","source":"62c4cf8e02d51d4b.png","type":"image/png","size":139217},{"uid":"a321b41fc58c3b95","name":"⏱️ Load Time (Open Login Page)","source":"a321b41fc58c3b95.txt","type":"text/plain","size":12},{"uid":"d2b45434e459eeb1","name":"✅ Login Page Validated","source":"d2b45434e459eeb1.txt","type":"text/plain","size":107},{"uid":"c996e9b66b50cbc2","name":"LoginPage_Validation_Success","source":"c996e9b66b50cbc2.png","type":"image/png","size":124229}],"parameters":[],"stepsCount":0,"attachmentStep":false,"shouldDisplayMessage":false,"attachmentsCount":5,"hasContent":true},{"name":"When  the user clicks on the \"Sign Up\" link on the login page","time":{"start":1765200368535,"stop":1765200369750,"duration":1215},"status":"passed","steps":[],"attachments":[{"uid":"632387909acae109","name":"Step","source":"632387909acae109.txt","type":"text/plain","size":34},{"uid":"76da1d9fca963795","name":"Before_Click_SignUp_Link","source":"76da1d9fca963795.png","type":"image/png","size":124242},{"uid":"3daa50b1b0bac801","name":"⏱️ Load Time (Open Sign Up Page)","source":"3daa50b1b0bac801.txt","type":"text/plain","size":12},{"uid":"4c3d17d07bc67847","name":"SignUp_Navigation_Success","source":"4c3d17d07bc67847.png","type":"image/png","size":133415}],"parameters":[],"stepsCount":0,"attachmentStep":false,"shouldDisplayMessage":false,"attachmentsCount":4,"hasContent":true},{"name":"Then  the user should redirect to signup page","time":{"start":1765200369750,"stop":1765200370133,"duration":383},"status":"passed","steps":[],"attachments":[{"uid":"71fdbcbe7bac2498","name":"Step","source":"71fdbcbe7bac2498.txt","type":"text/plain","size":58},{"uid":"55cf678ef6298273","name":"✅ Redirect to Sign Up Validation","source":"55cf678ef6298273.txt","type":"text/plain","size":122},{"uid":"af07e85f1768e123","name":"Redirected_To_SignUp_Page","source":"af07e85f1768e123.png","type":"image/png","size":133402}],"parameters":[],"stepsCount":0,"attachmentStep":false,"shouldDisplayMessage":false,"attachmentsCount":3,"hasContent":true},{"name":"And  the user enters random valid full name in Full name field","time":{"start":1765200370133,"stop":1765200370928,"duration":795},"status":"passed","steps":[],"attachments":[{"uid":"f4aec21f5c05739","name":"Step","source":"f4aec21f5c05739.txt","type":"text/plain","size":41},{"uid":"bc8a04717574fc29","name":"Full Name Entered","source":"bc8a04717574fc29.txt","type":"text/plain","size":16},{"uid":"c0e48f5133966173","name":"FullName_Entered","source":"c0e48f5133966173.png","type":"image/png","size":135531}],"parameters":[],"stepsCount":0,"attachmentStep":false,"shouldDisplayMessage":false,"attachmentsCount":3,"hasContent":true},{"name":"And  the user enters random valid email in Email address field","time":{"start":1765200370928,"stop":1765200371883,"duration":955},"status":"passed","steps":[],"attachments":[{"uid":"4c34c91c9df952c4","name":"Step","source":"4c34c91c9df952c4.txt","type":"text/plain","size":37},{"uid":"409df8da20b64996","name":"Email Entered","source":"409df8da20b64996.txt","type":"text/plain","size":25},{"uid":"957e8ce6e39af1a0","name":"Email_Entered","source":"957e8ce6e39af1a0.png","type":"image/png","size":138250}],"parameters":[],"stepsCount":0,"attachmentStep":false,"shouldDisplayMessage":false,"attachmentsCount":3,"hasContent":true},{"name":"And  the user enters random valid phone number in Phone number field","time":{"start":1765200371883,"stop":1765200372480,"duration":597},"status":"passed","steps":[],"attachments":[{"uid":"f59eb47e66a36585","name":"Step","source":"f59eb47e66a36585.txt","type":"text/plain","size":42},{"uid":"7ae3575c633ca977","name":"Phone Number Entered","source":"7ae3575c633ca977.txt","type":"text/plain","size":10},{"uid":"4f48facb4ea180fd","name":"Phone_Entered","source":"4f48facb4ea180fd.png","type":"image/png","size":139522}],"parameters":[],"stepsCount":0,"attachmentStep":false,"shouldDisplayMessage":false,"attachmentsCount":3,"hasContent":true},{"name":"And  the user enters random valid password in Password field","time":{"start":1765200372480,"stop":1765200373062,"duration":582},"status":"passed","steps":[],"attachments":[{"uid":"f9daa18a2da1f810","name":"Step","source":"f9daa18a2da1f810.txt","type":"text/plain","size":38},{"uid":"4610a14babb01f0e","name":"Password Entered","source":"4610a14babb01f0e.txt","type":"text/plain","size":12},{"uid":"4cc639388ff1ce8f","name":"Password_Entered","source":"4cc639388ff1ce8f.png","type":"image/png","size":139571}],"parameters":[],"stepsCount":0,"attachmentStep":false,"shouldDisplayMessage":false,"attachmentsCount":3,"hasContent":true},{"name":"And  the user enters the same password in Confirm password field","time":{"start":1765200373063,"stop":1765200373648,"duration":585},"status":"passed","steps":[],"attachments":[{"uid":"8b7e62996859e9ba","name":"Step","source":"8b7e62996859e9ba.txt","type":"text/plain","size":59},{"uid":"2d240cba7a853768","name":"Confirm Password Entered","source":"2d240cba7a853768.txt","type":"text/plain","size":12},{"uid":"47b9e508f9a111e0","name":"ConfirmPassword_Entered","source":"47b9e508f9a111e0.png","type":"image/png","size":138983}],"parameters":[],"stepsCount":0,"attachmentStep":false,"shouldDisplayMessage":false,"attachmentsCount":3,"hasContent":true},{"name":"And  the user clicks on the \"Sign Up\" button","time":{"start":1765200373648,"stop":1765200374860,"duration":1212},"status":"passed","steps":[],"attachments":[{"uid":"9967f592dfcdbde6","name":"Step","source":"9967f592dfcdbde6.txt","type":"text/plain","size":34},{"uid":"4021bb139f7dbcba","name":"Before_SignUp_Click","source":"4021bb139f7dbcba.png","type":"image/png","size":138956},{"uid":"5e299b60e607ac18","name":"SignUp_Clicked","source":"5e299b60e607ac18.png","type":"image/png","size":138370},{"uid":"102f5544a2db91a3","name":"Sign Up Click","source":"102f5544a2db91a3.txt","type":"text/plain","size":25}],"parameters":[],"stepsCount":0,"attachmentStep":false,"shouldDisplayMessage":false,"attachmentsCount":4,"hasContent":true},{"name":"Then  the account should be created successfully","time":{"start":1765200374860,"stop":1765200375264,"duration":404},"status":"passed","steps":[],"attachments":[{"uid":"23e12ffb9d63125c","name":"Step","source":"23e12ffb9d63125c.txt","type":"text/plain","size":42},{"uid":"a9610e0497df9d8","name":"✅ Account Creation","source":"a9610e0497df9d8.txt","type":"text/plain","size":58},{"uid":"2523805c9aeff583","name":"AccountCreation_Success","source":"2523805c9aeff583.png","type":"image/png","size":131748}],"parameters":[],"stepsCount":0,"attachmentStep":false,"shouldDisplayMessage":false,"attachmentsCount":3,"hasContent":true},{"name":"And  the user should be redirected to the login page","time":{"start":1765200375264,"stop":1765200375616,"duration":352},"status":"passed","steps":[],"attachments":[{"uid":"1333690fcf0dfa1e","name":"Step","source":"1333690fcf0dfa1e.txt","type":"text/plain","size":46},{"uid":"a63297abad198d34","name":"✅ Redirect to Login","source":"a63297abad198d34.txt","type":"text/plain","size":73},{"uid":"bdf787887857ee53","name":"Redirected_LoginPage","source":"bdf787887857ee53.png","type":"image/png","size":124218}],"parameters":[],"stepsCount":0,"attachmentStep":false,"shouldDisplayMessage":false,"attachmentsCount":3,"hasContent":true},{"name":"And  the Login page header should be \"Log into your account\"","time":{"start":1765200375617,"stop":1765200375995,"duration":378},"status":"passed","steps":[],"attachments":[{"uid":"496f699a016d778c","name":"Step","source":"496f699a016d778c.txt","type":"text/plain","size":56},{"uid":"bb2b8c3b648fd173","name":"✅ Login Header Validation","source":"bb2b8c3b648fd173.txt","type":"text/plain","size":64},{"uid":"c736241fba05a5d4","name":"Login_Header_Validated","source":"c736241fba05a5d4.png","type":"image/png","size":124230}],"parameters":[],"stepsCount":0,"attachmentStep":false,"shouldDisplayMessage":false,"attachmentsCount":3,"hasContent":true},{"name":"When  the user clicks on the Login with Password link on the login page","time":{"start":1765200375995,"stop":1765200382513,"duration":6518},"status":"passed","steps":[],"attachments":[{"uid":"7ef4a48496e28e63","name":"Step","source":"7ef4a48496e28e63.txt","type":"text/plain","size":46},{"uid":"6163f4bd34a173fd","name":"Before_LoginWithPassword_Click","source":"6163f4bd34a173fd.png","type":"image/png","size":124230},{"uid":"38a7b1f4395d2028","name":"⏱️ Load Time (Open Login With Password Form)","source":"38a7b1f4395d2028.txt","type":"text/plain","size":12},{"uid":"8d8c32bba8dd4a1e","name":"Login With Password","source":"8d8c32bba8dd4a1e.txt","type":"text/plain","size":44},{"uid":"ad011a028c6aa063","name":"LoginWithPassword_Clicked","source":"ad011a028c6aa063.png","type":"image/png","size":128496}],"parameters":[],"stepsCount":0,"attachmentStep":false,"shouldDisplayMessage":false,"attachmentsCount":5,"hasContent":true},{"name":"And  the user enters the registered email in Login email field","time":{"start":1765200382515,"stop":1765200383212,"duration":697},"status":"passed","steps":[],"attachments":[{"uid":"89407af7037b4c15","name":"Step","source":"89407af7037b4c15.txt","type":"text/plain","size":62},{"uid":"8373ca4b568ef853","name":"Login Email Entered","source":"8373ca4b568ef853.txt","type":"text/plain","size":25},{"uid":"f54972badddc0589","name":"Login_Email_Entered","source":"f54972badddc0589.png","type":"image/png","size":130983}],"parameters":[],"stepsCount":0,"attachmentStep":false,"shouldDisplayMessage":false,"attachmentsCount":3,"hasContent":true},{"name":"And  the user enters the registered password in Login password field","time":{"start":1765200383212,"stop":1765200383794,"duration":582},"status":"passed","steps":[],"attachments":[{"uid":"a4c7816d7fcd3818","name":"Step","source":"a4c7816d7fcd3818.txt","type":"text/plain","size":63},{"uid":"54580b250dccc9af","name":"Login Password Entered","source":"54580b250dccc9af.txt","type":"text/plain","size":12},{"uid":"6295e09f10707547","name":"Login_Password_Entered","source":"6295e09f10707547.png","type":"image/png","size":130913}],"parameters":[],"stepsCount":0,"attachmentStep":false,"shouldDisplayMessage":false,"attachmentsCount":3,"hasContent":true},{"name":"And  the user clicks on the Log In button","time":{"start":1765200383795,"stop":1765200385038,"duration":1243},"status":"passed","steps":[],"attachments":[{"uid":"dc03e26ddd277aa8","name":"Step","source":"dc03e26ddd277aa8.txt","type":"text/plain","size":35},{"uid":"273a50b44266eee4","name":"Before_LoginButton_Click","source":"273a50b44266eee4.png","type":"image/png","size":130869},{"uid":"b7f54d865360a815","name":"Login_Button_Clicked","source":"b7f54d865360a815.png","type":"image/png","size":129757},{"uid":"716651fac97244d8","name":"Login Button Click","source":"716651fac97244d8.txt","type":"text/plain","size":24}],"parameters":[],"stepsCount":0,"attachmentStep":false,"shouldDisplayMessage":false,"attachmentsCount":4,"hasContent":true},{"name":"Then  the user should be logged in successfully","time":{"start":1765200385039,"stop":1765200390814,"duration":5775},"status":"passed","steps":[],"attachments":[{"uid":"2bba35dfe049a998","name":"Step","source":"2bba35dfe049a998.txt","type":"text/plain","size":47},{"uid":"ca36bef1ea17bc69","name":"⏱️ Load Time (Post Login Home Load)","source":"ca36bef1ea17bc69.txt","type":"text/plain","size":12},{"uid":"28aebf0847993d33","name":"✅ Login Success","source":"28aebf0847993d33.txt","type":"text/plain","size":36},{"uid":"850f0fd59b6f77ab","name":"PostLogin_Home","source":"850f0fd59b6f77ab.png","type":"image/png","size":175039}],"parameters":[],"stepsCount":0,"attachmentStep":false,"shouldDisplayMessage":false,"attachmentsCount":4,"hasContent":true},{"name":"And  the complete profile popup should be visible with correct content","time":{"start":1765200390814,"stop":1765200391236,"duration":422},"status":"passed","steps":[],"attachments":[{"uid":"9410a702b1afd575","name":"Step","source":"9410a702b1afd575.txt","type":"text/plain","size":74},{"uid":"63b1adb70413cf2e","name":"Complete Profile Popup Content","source":"63b1adb70413cf2e.txt","type":"text/plain","size":276},{"uid":"cd212de2b1b30fd5","name":"CompleteProfile_Popup_Visible","source":"cd212de2b1b30fd5.png","type":"image/png","size":180372}],"parameters":[],"stepsCount":0,"attachmentStep":false,"shouldDisplayMessage":false,"attachmentsCount":3,"hasContent":true},{"name":"When  the user clicks on the complete profile popup CTA","time":{"start":1765200391236,"stop":1765200392409,"duration":1173},"status":"passed","steps":[],"attachments":[{"uid":"8b72218999561429","name":"Step","source":"8b72218999561429.txt","type":"text/plain","size":74},{"uid":"c5f42470c4754a89","name":"Before_CompleteProfile_CTA_Click","source":"c5f42470c4754a89.png","type":"image/png","size":180372},{"uid":"3e7ad9f0c6b1c0b3","name":"After_CompleteProfile_CTA_Click","source":"3e7ad9f0c6b1c0b3.png","type":"image/png","size":47751},{"uid":"1ad474acfdb54f79","name":"Complete Profile CTA Click","source":"1ad474acfdb54f79.txt","type":"text/plain","size":52}],"parameters":[],"stepsCount":0,"attachmentStep":false,"shouldDisplayMessage":false,"attachmentsCount":4,"hasContent":true},{"name":"Then  the welcome usage selection page should be displayed","time":{"start":1765200392409,"stop":1765200393230,"duration":821},"status":"passed","steps":[],"attachments":[{"uid":"38141f2bde3d5dcf","name":"Step","source":"38141f2bde3d5dcf.txt","type":"text/plain","size":62},{"uid":"4626566f4412830b","name":"Welcome Usage Page Validation","source":"4626566f4412830b.txt","type":"text/plain","size":154},{"uid":"5e0f1dbebc91b5dd","name":"WelcomeUsage_Page_Visible","source":"5e0f1dbebc91b5dd.png","type":"image/png","size":75443}],"parameters":[],"stepsCount":0,"attachmentStep":false,"shouldDisplayMessage":false,"attachmentsCount":3,"hasContent":true},{"name":"When  the user selects Business needs usage and clicks Next on the welcome page","time":{"start":1765200393230,"stop":1765200395206,"duration":1976},"status":"passed","steps":[],"attachments":[{"uid":"6c40cc1da525bb36","name":"Step","source":"6c40cc1da525bb36.txt","type":"text/plain","size":73},{"uid":"4df731e969e69d9b","name":"Welcome_Usage_Before_Select_Business","source":"4df731e969e69d9b.png","type":"image/png","size":75443},{"uid":"a16022d6394696a3","name":"Step","source":"a16022d6394696a3.txt","type":"text/plain","size":65},{"uid":"bf6aea8f8a304870","name":"Welcome_Usage_After_Select_Business","source":"bf6aea8f8a304870.png","type":"image/png","size":75958},{"uid":"cf5a257c33edd725","name":"Step","source":"cf5a257c33edd725.txt","type":"text/plain","size":51},{"uid":"ca9f1a294bfe6647","name":"Welcome_Usage_After_Business_Next","source":"ca9f1a294bfe6647.png","type":"image/png","size":75904},{"uid":"9aa7430d5dc65257","name":"Business Needs Usage Selection","source":"9aa7430d5dc65257.txt","type":"text/plain","size":81}],"parameters":[],"stepsCount":0,"attachmentStep":false,"shouldDisplayMessage":false,"attachmentsCount":7,"hasContent":true},{"name":"Then  the Full Name step should be displayed and the user enters a random full name and clicks Next","time":{"start":1765200395206,"stop":1765200397156,"duration":1950},"status":"passed","steps":[],"attachments":[{"uid":"5fa256c3a10abf76","name":"Step","source":"5fa256c3a10abf76.txt","type":"text/plain","size":74},{"uid":"3dfa735813dac82d","name":"Onboarding_FullName_Before_Typing","source":"3dfa735813dac82d.png","type":"image/png","size":62019},{"uid":"7d0c57787d29e9ae","name":"Onboarding_FullName_After_Typing","source":"7d0c57787d29e9ae.png","type":"image/png","size":61841},{"uid":"c9575f30f7805adf","name":"Full Name Step - Data","source":"c9575f30f7805adf.txt","type":"text/plain","size":40},{"uid":"c45e7fd6fb4896f9","name":"Full Name Step - Timing","source":"c45e7fd6fb4896f9.txt","type":"text/plain","size":53}],"parameters":[],"stepsCount":0,"attachmentStep":false,"shouldDisplayMessage":false,"attachmentsCount":5,"hasContent":true},{"name":"Then  the Designation step should be displayed and the user selects a designation from the dropdown","time":{"start":1765200397156,"stop":1765200399138,"duration":1982},"status":"passed","steps":[],"attachments":[{"uid":"53a6310f52cd6105","name":"Step","source":"53a6310f52cd6105.txt","type":"text/plain","size":74},{"uid":"d45365518ee84b42","name":"Onboarding_Designation_Before_Select","source":"d45365518ee84b42.png","type":"image/png","size":63196},{"uid":"eeb7854ddc3b5f85","name":"Onboarding_Designation_After_Select","source":"eeb7854ddc3b5f85.png","type":"image/png","size":63885},{"uid":"6e7bd4c9a6b8aff8","name":"Designation Step - Data","source":"6e7bd4c9a6b8aff8.txt","type":"text/plain","size":57},{"uid":"eb391812d17a0aa3","name":"Designation Step - Timing","source":"eb391812d17a0aa3.txt","type":"text/plain","size":55}],"parameters":[],"stepsCount":0,"attachmentStep":false,"shouldDisplayMessage":false,"attachmentsCount":5,"hasContent":true},{"name":"Then  the Entity Type step should be displayed and the user selects a random entity type and clicks Next","time":{"start":1765200399138,"stop":1765200401398,"duration":2260},"status":"passed","steps":[],"attachments":[{"uid":"c40d0953dbb34f23","name":"Step","source":"c40d0953dbb34f23.txt","type":"text/plain","size":75},{"uid":"f6228a502e9db2e7","name":"Onboarding_EntityType_Before_Select","source":"f6228a502e9db2e7.png","type":"image/png","size":62471},{"uid":"a8125683367b1247","name":"Onboarding_EntityType_After_Select","source":"a8125683367b1247.png","type":"image/png","size":63814},{"uid":"6ac1555851900945","name":"Entity Type Step - Data","source":"6ac1555851900945.txt","type":"text/plain","size":63},{"uid":"82e2aee3d43ad68a","name":"Entity Type Step - Timing","source":"82e2aee3d43ad68a.txt","type":"text/plain","size":55}],"parameters":[],"stepsCount":0,"attachmentStep":false,"shouldDisplayMessage":false,"attachmentsCount":5,"hasContent":true},{"name":"Then  the CIN step should be displayed and the user clicks Skip and Next without entering CIN","time":{"start":1765200401398,"stop":1765200603425,"duration":202027},"status":"passed","steps":[],"attachments":[{"uid":"da38c9985f5a2936","name":"Step","source":"da38c9985f5a2936.txt","type":"text/plain","size":125},{"uid":"371397c07676c775","name":"Step","source":"371397c07676c775.txt","type":"text/plain","size":39},{"uid":"e3e835608b855888","name":"Onboarding_CIN_Before_Skip_LLPIN","source":"e3e835608b855888.png","type":"image/png","size":62965},{"uid":"fc56a6c41848de8d","name":"Onboarding_CIN_After_Skip_LLPIN","source":"fc56a6c41848de8d.png","type":"image/png","size":61946},{"uid":"1f9827dbc12efa18","name":"CIN / Trust / Society / PAN / FCRN Step - Data","source":"1f9827dbc12efa18.txt","type":"text/plain","size":67},{"uid":"fff9f4a8b7f3742a","name":"Identity (CIN / Trust / Society / PAN / FCRN) Step - Timing","source":"fff9f4a8b7f3742a.txt","type":"text/plain","size":98}],"parameters":[],"stepsCount":0,"attachmentStep":false,"shouldDisplayMessage":false,"attachmentsCount":6,"hasContent":true},{"name":"Then  the Company Details step should be displayed and the user fills all details and clicks Next","time":{"start":1765200603425,"stop":1765200734558,"duration":131133},"status":"failed","statusMessage":"❌ Validation error during: Company Details onboarding step","statusTrace":"java.lang.AssertionError: ❌ Validation error during: Company Details onboarding step\r\n\tat base.BasePage.handleValidationException(BasePage.java:50)\r\n\tat stepDefinitions.SignUpValidationSteps.the_company_details_step_should_be_displayed_and_the_user_fills_all_details_and_clicks_next(SignUpValidationSteps.java:1256)\r\n\tat ✽.the Company Details step should be displayed and the user fills all details and clicks Next(file:///C:/Users/Vakilsearch/IdeaProjects/zolvit360-automation/src/test/resources/signup.feature:207)\r\nCaused by: java.lang.RuntimeException: Failed to complete Company Details onboarding step\r\n\tat pages.SignUpPage.fillCompanyDetailsAndClickNext(SignUpPage.java:2639)\r\n\tat stepDefinitions.SignUpValidationSteps.the_company_details_step_should_be_displayed_and_the_user_fills_all_details_and_clicks_next(SignUpValidationSteps.java:1237)\r\n\tat java.base/jdk.internal.reflect.DirectMethodHandleAccessor.invoke(DirectMethodHandleAccessor.java:103)\r\n\tat java.base/java.lang.reflect.Method.invoke(Method.java:580)\r\n\tat io.cucumber.java.Invoker.doInvoke(Invoker.java:66)\r\n\tat io.cucumber.java.Invoker.invoke(Invoker.java:24)\r\n\tat io.cucumber.java.AbstractGlueDefinition.invokeMethod(AbstractGlueDefinition.java:47)\r\n\tat io.cucumber.java.JavaStepDefinition.execute(JavaStepDefinition.java:29)\r\n\tat io.cucumber.core.runner.CoreStepDefinition.execute(CoreStepDefinition.java:66)\r\n\tat io.cucumber.core.runner.PickleStepDefinitionMatch.runStep(PickleStepDefinitionMatch.java:63)\r\n\tat io.cucumber.core.runner.ExecutionMode$1.execute(ExecutionMode.java:10)\r\n\tat io.cucumber.core.runner.TestStep.executeStep(TestStep.java:84)\r\n\tat io.cucumber.core.runner.TestStep.run(TestStep.java:56)\r\n\tat io.cucumber.core.runner.PickleStepTestStep.run(PickleStepTestStep.java:51)\r\n\tat io.cucumber.core.runner.TestCase.run(TestCase.java:84)\r\n\tat io.cucumber.core.runner.Runner.runPickle(Runner.java:75)\r\n\tat io.cucumber.testng.TestNGCucumberRunner.lambda$runScenario$1(TestNGCucumberRunner.java:132)\r\n\tat io.cucumber.core.runtime.CucumberExecutionContext.lambda$runTestCase$5(CucumberExecutionContext.java:137)\r\n\tat io.cucumber.core.runtime.RethrowingThrowableCollector.executeAndThrow(RethrowingThrowableCollector.java:23)\r\n\tat io.cucumber.core.runtime.CucumberExecutionContext.runTestCase(CucumberExecutionContext.java:137)\r\n\tat io.cucumber.testng.TestNGCucumberRunner.runScenario(TestNGCucumberRunner.java:129)\r\n\tat io.cucumber.testng.AbstractTestNGCucumberTests.runScenario(AbstractTestNGCucumberTests.java:35)\r\n\tat java.base/jdk.internal.reflect.DirectMethodHandleAccessor.invoke(DirectMethodHandleAccessor.java:103)\r\n\tat java.base/java.lang.reflect.Method.invoke(Method.java:580)\r\n\tat org.testng.internal.invokers.MethodInvocationHelper.invokeMethod(MethodInvocationHelper.java:139)\r\n\tat org.testng.internal.invokers.TestInvoker.invokeMethod(TestInvoker.java:664)\r\n\tat org.testng.internal.invokers.TestInvoker.invokeTestMethod(TestInvoker.java:228)\r\n\tat org.testng.internal.invokers.MethodRunner.runInSequence(MethodRunner.java:63)\r\n\tat org.testng.internal.invokers.TestInvoker$MethodInvocationAgent.invoke(TestInvoker.java:961)\r\n\tat org.testng.internal.invokers.TestInvoker.invokeTestMethods(TestInvoker.java:201)\r\n\tat org.testng.internal.invokers.TestMethodWorker.invokeTestMethods(TestMethodWorker.java:148)\r\n\tat org.testng.internal.invokers.TestMethodWorker.run(TestMethodWorker.java:128)\r\n\tat java.base/java.util.ArrayList.forEach(ArrayList.java:1596)\r\n\tat org.testng.TestRunner.privateRun(TestRunner.java:819)\r\n\tat org.testng.TestRunner.run(TestRunner.java:619)\r\n\tat org.testng.SuiteRunner.runTest(SuiteRunner.java:443)\r\n\tat org.testng.SuiteRunner.runSequentially(SuiteRunner.java:437)\r\n\tat org.testng.SuiteRunner.privateRun(SuiteRunner.java:397)\r\n\tat org.testng.SuiteRunner.run(SuiteRunner.java:336)\r\n\tat org.testng.SuiteRunnerWorker.runSuite(SuiteRunnerWorker.java:52)\r\n\tat org.testng.SuiteRunnerWorker.run(SuiteRunnerWorker.java:95)\r\n\tat org.testng.TestNG.runSuitesSequentially(TestNG.java:1301)\r\n\tat org.testng.TestNG.runSuitesLocally(TestNG.java:1228)\r\n\tat org.testng.TestNG.runSuites(TestNG.java:1134)\r\n\tat org.testng.TestNG.run(TestNG.java:1101)\r\n\tat org.apache.maven.surefire.testng.TestNGExecutor.run(TestNGExecutor.java:308)\r\n\tat org.apache.maven.surefire.testng.TestNGXmlTestSuite.execute(TestNGXmlTestSuite.java:71)\r\n\tat org.apache.maven.surefire.testng.TestNGProvider.invoke(TestNGProvider.java:113)\r\n\tat org.apache.maven.surefire.booter.ForkedBooter.runSuitesInProcess(ForkedBooter.java:385)\r\n\tat org.apache.maven.surefire.booter.ForkedBooter.execute(ForkedBooter.java:162)\r\n\tat org.apache.maven.surefire.booter.ForkedBooter.run(ForkedBooter.java:507)\r\n\tat org.apache.maven.surefire.booter.ForkedBooter.main(ForkedBooter.java:495)\r\nCaused by: org.openqa.selenium.TimeoutException: Expected condition failed: waiting for element to be clickable: By.xpath: (//button[.//p[normalize-space()='Next']])[3] (tried for 10 second(s) with 500 milliseconds interval)\nBuild info: version: '4.23.0', revision: '4df0a231af'\nSystem info: os.name: 'Windows 11', os.arch: 'amd64', os.version: '10.0', java.version: '21.0.7'\nDriver info: org.openqa.selenium.chrome.ChromeDriver\nCapabilities {acceptInsecureCerts: false, browserName: chrome, browserVersion: 142.0.7444.176, chrome: {chromedriverVersion: 142.0.7444.175 (302067f14a4..., userDataDir: C:\\Users\\VAKILS~1\\AppData\\L...}, fedcm:accounts: true, goog:chromeOptions: {debuggerAddress: localhost:64372}, goog:processID: 18604, networkConnectionEnabled: false, pageLoadStrategy: normal, platformName: windows, proxy: Proxy(), se:cdp: ws://localhost:64372/devtoo..., se:cdpVersion: 142.0.7444.176, setWindowRect: true, strictFileInteractability: false, timeouts: {implicit: 0, pageLoad: 300000, script: 30000}, unhandledPromptBehavior: dismiss and notify, webauthn:extension:credBlob: true, webauthn:extension:largeBlob: true, webauthn:extension:minPinLength: true, webauthn:extension:prf: true, webauthn:virtualAuthenticators: true}\nSession ID: f620c0e40401c3d6125fdebac94566cf\r\n\tat org.openqa.selenium.support.ui.WebDriverWait.timeoutException(WebDriverWait.java:84)\r\n\tat org.openqa.selenium.support.ui.FluentWait.until(FluentWait.java:228)\r\n\tat pages.SignUpPage.fillCompanyDetailsAndClickNext(SignUpPage.java:2629)\r\n\t... 51 more\r\n","steps":[],"attachments":[{"uid":"2ed934af336a6bfb","name":"Step","source":"2ed934af336a6bfb.txt","type":"text/plain","size":70},{"uid":"8508e10875bc8ea","name":"Onboarding_CompanyDetails_Before_Fill","source":"8508e10875bc8ea.png","type":"image/png","size":80767},{"uid":"d271805724eeca37","name":"Text Input","source":"d271805724eeca37.txt","type":"text/plain","size":70},{"uid":"1d728876f1d55211","name":"Onboarding_CompanyDetails_Exception","source":"1d728876f1d55211.png","type":"image/png","size":79947},{"uid":"3d42d72e9cf1cb29","name":"Error_Company_Details_onboarding_step","source":"3d42d72e9cf1cb29.png","type":"image/png","size":79947}],"parameters":[],"stepsCount":0,"attachmentStep":false,"shouldDisplayMessage":true,"attachmentsCount":5,"hasContent":true},{"name":"Then  the Team Size step should be displayed and the user selects any Team Size and clicks Next","time":{"start":1765200734560,"stop":1765200734560,"duration":0},"status":"skipped","steps":[],"attachments":[],"parameters":[],"stepsCount":0,"attachmentStep":false,"shouldDisplayMessage":false,"attachmentsCount":0,"hasContent":false},{"name":"Then  the Annual Turnover step should be displayed and the user selects any turnover and clicks Get Started","time":{"start":1765200734560,"stop":1765200734560,"duration":0},"status":"skipped","steps":[],"attachments":[],"parameters":[],"stepsCount":0,"attachmentStep":false,"shouldDisplayMessage":false,"attachmentsCount":0,"hasContent":false},{"name":"Then  the compliance analysis screen should be displayed with compliances count and user clicks View my Compliances","time":{"start":1765200734561,"stop":1765200734561,"duration":0},"status":"skipped","steps":[],"attachments":[],"parameters":[],"stepsCount":0,"attachmentStep":false,"shouldDisplayMessage":false,"attachmentsCount":0,"hasContent":false},{"name":"Then  the \"Stay on Top of Your Compliances\" popup should be visible","time":{"start":1765200734561,"stop":1765200734561,"duration":0},"status":"skipped","steps":[],"attachments":[],"parameters":[],"stepsCount":0,"attachmentStep":false,"shouldDisplayMessage":false,"attachmentsCount":0,"hasContent":false},{"name":"And  the user clicks \"Next\" on the product tour","time":{"start":1765200734561,"stop":1765200734561,"duration":0},"status":"skipped","steps":[],"attachments":[],"parameters":[],"stepsCount":0,"attachmentStep":false,"shouldDisplayMessage":false,"attachmentsCount":0,"hasContent":false},{"name":"Then  the \"Upload Documents with Ease\" popup should be visible","time":{"start":1765200734562,"stop":1765200734562,"duration":0},"status":"skipped","steps":[],"attachments":[],"parameters":[],"stepsCount":0,"attachmentStep":false,"shouldDisplayMessage":false,"attachmentsCount":0,"hasContent":false},{"name":"And  the user clicks \"Next\" on the product tour","time":{"start":1765200734562,"stop":1765200734562,"duration":0},"status":"skipped","steps":[],"attachments":[],"parameters":[],"stepsCount":0,"attachmentStep":false,"shouldDisplayMessage":false,"attachmentsCount":0,"hasContent":false},{"name":"Then  the \"Your Legal Documents Hub\" popup should be visible","time":{"start":1765200734562,"stop":1765200734563,"duration":1},"status":"skipped","steps":[],"attachments":[],"parameters":[],"stepsCount":0,"attachmentStep":false,"shouldDisplayMessage":false,"attachmentsCount":0,"hasContent":false},{"name":"Then  the final step of product tour should be visible","time":{"start":1765200734563,"stop":1765200734563,"duration":0},"status":"skipped","steps":[],"attachments":[],"parameters":[],"stepsCount":0,"attachmentStep":false,"shouldDisplayMessage":false,"attachmentsCount":0,"hasContent":false},{"name":"And  the user clicks \"Got it\" to finish the tour","time":{"start":1765200734563,"stop":1765200734563,"duration":0},"status":"skipped","steps":[],"attachments":[],"parameters":[],"stepsCount":0,"attachmentStep":false,"shouldDisplayMessage":false,"attachmentsCount":0,"hasContent":false},{"name":"Then  the new subscriber offer popup should be visible and user explores Annual Compliance plans","time":{"start":1765200734564,"stop":1765200734564,"duration":0},"status":"skipped","steps":[],"attachments":[],"parameters":[],"stepsCount":0,"attachmentStep":false,"shouldDisplayMessage":false,"attachmentsCount":0,"hasContent":false},{"name":"Then  user clicks Explore Plans and verifies pricing page is loaded","time":{"start":1765200734564,"stop":1765200734564,"duration":0},"status":"skipped","steps":[],"attachments":[],"parameters":[],"stepsCount":0,"attachmentStep":false,"shouldDisplayMessage":false,"attachmentsCount":0,"hasContent":false},{"name":"Then  the exit popup should appear with message \"Wait! Before you go\"","time":{"start":1765200734564,"stop":1765200734564,"duration":0},"status":"skipped","steps":[],"attachments":[],"parameters":[],"stepsCount":0,"attachmentStep":false,"shouldDisplayMessage":false,"attachmentsCount":0,"hasContent":false},{"name":"Then  the user randomly selects an exit reason and closes the thanks popup","time":{"start":1765200734565,"stop":1765200734565,"duration":0},"status":"skipped","steps":[],"attachments":[],"parameters":[],"stepsCount":0,"attachmentStep":false,"shouldDisplayMessage":false,"attachmentsCount":0,"hasContent":false},{"name":"Then  the user navigate back to previous page which is Compliance page","time":{"start":1765200734565,"stop":1765200734565,"duration":0},"status":"skipped","steps":[],"attachments":[],"parameters":[],"stepsCount":0,"attachmentStep":false,"shouldDisplayMessage":false,"attachmentsCount":0,"hasContent":false},{"name":"When  the user clicks on the Get Started widget on the dashboard","time":{"start":1765200734565,"stop":1765200734566,"duration":1},"status":"skipped","steps":[],"attachments":[],"parameters":[],"stepsCount":0,"attachmentStep":false,"shouldDisplayMessage":false,"attachmentsCount":0,"hasContent":false}],"attachments":[],"parameters":[],"stepsCount":42,"attachmentStep":false,"shouldDisplayMessage":false,"attachmentsCount":102,"hasContent":true},"afterStages":[{"name":"hooks.Hooks.tearDown(io.cucumber.java.Scenario)","time":{"start":1765200734566,"stop":1765200735182,"duration":616},"status":"passed","steps":[],"attachments":[{"uid":"b4b817c902587d95","name":"Failure_Validate_GetStarted_Widget_for_complete_profile","source":"b4b817c902587d95.png","type":"image/png","size":79947}],"parameters":[],"stepsCount":0,"attachmentStep":false,"shouldDisplayMessage":false,"attachmentsCount":1,"hasContent":true}],"labels":[{"name":"tag","value":"noAutoLogin"},{"name":"host","value":"DESKTOP-A7RF489"},{"name":"thread","value":"18028@DESKTOP-A7RF489.main(1)"},{"name":"feature","value":"User Registration, Onboarding, and Compliance Workflow in Zolvit GRC Portal"},{"name":"story","value":"Validate GetStarted Widget for complete profile"},{"name":"suite","value":"User Registration, Onboarding, and Compliance Workflow in Zolvit GRC Portal"},{"name":"testClass","value":"Validate GetStarted Widget for complete profile"},{"name":"framework","value":"cucumber4jvm"},{"name":"language","value":"java"},{"name":"gherkin_uri","value":"file:///C:/Users/Vakilsearch/IdeaProjects/zolvit360-automation/src/test/resources/signup.feature"},{"name":"package","value":"src.test.resources.signup_feature.User Registration, Onboarding, and Compliance Workflow in Zolvit GRC Portal"},{"name":"resultFormat","value":"allure2"}],"parameters":[],"links":[],"hidden":false,"retry":false,"extra":{"severity":"normal","retries":[],"categories":[{"name":"Product defects","matchedStatuses":[]}],"history":{"statistic":{"failed":2,"broken":0,"skipped":0,"passed":0,"unknown":0,"total":2},"items":[{"uid":"2ac58ca50774de26","status":"failed","statusDetails":"Dashboard with 'Extra 10% Off - Festive Sale!' popup NOT visible. expected [true] but found [false]","time":{"start":1765191359610,"stop":1765191700018,"duration":340408}}]},"tags":["noAutoLogin"]},"source":"59d381eeef8fa56e.json","parameterValues":[]}